<component name="libraryTable">
  <library name="junit-4.11">
    <CLASSES>
      <root url="jar://$PROJECT_DIR$/lib/junit-4.11.jar!/" />
      <root url="jar://$PROJECT_DIR$/lib/lombok.jar!/" />
      <root url="jar://$PROJECT_DIR$/lib/mockito-all-1.9.5.jar!/" />
      <root url="jar://$PROJECT_DIR$/lib/powermock-mockito-1.5.5-full.jar!/" />
    </CLASSES>
    <JAVADOC />
    <SOURCES>
      <root url="jar://$PROJECT_DIR$/lib/mockito-all-1.9.5.jar!/" />
      <root url="jar://$PROJECT_DIR$/lib/powermock-mockito-1.5.5-full.jar!/" />
    </SOURCES>
  </library>
</component>